c:\users\이준호\source\repos\drawing_torus\drawing_torus\x64\debug\vc141.pdb
c:\users\이준호\source\repos\drawing_torus\drawing_torus\x64\debug\vc141.idb
c:\users\이준호\source\repos\drawing_torus\drawing_torus\x64\debug\main.obj
c:\users\이준호\source\repos\drawing_torus\drawing_torus\x64\debug\glsetup.obj
d:\강의자료\2019-2학기\컴퓨터그래픽스\과제\hw01\이준호_hw_1\source\drawing_torus\x64\debug\vc141.pdb
d:\강의자료\2019-2학기\컴퓨터그래픽스\과제\hw01\이준호_hw_1\source\drawing_torus\x64\debug\vc141.idb
d:\강의자료\2019-2학기\컴퓨터그래픽스\과제\hw01\이준호_hw_1\source\drawing_torus\x64\debug\main.obj
d:\강의자료\2019-2학기\컴퓨터그래픽스\과제\hw01\이준호_hw_1\source\drawing_torus\x64\debug\glsetup.obj
c:\users\이준호\source\repos\drawing_torus\x64\debug\drawing_torus.exe
c:\users\이준호\source\repos\drawing_torus\x64\debug\drawing_torus.ilk
c:\users\이준호\source\repos\drawing_torus\x64\debug\drawing_torus.pdb
d:\강의자료\2019-2학기\컴퓨터그래픽스\과제\hw01\이준호_hw_1\source\x64\debug\drawing_torus.ilk
d:\강의자료\2019-2학기\컴퓨터그래픽스\과제\hw01\이준호_hw_1\source\x64\debug\drawing_torus.exe
d:\강의자료\2019-2학기\컴퓨터그래픽스\과제\hw01\이준호_hw_1\source\x64\debug\drawing_torus.pdb
d:\강의자료\2019-2학기\컴퓨터그래픽스\과제\hw01\이준호_hw_1\source\drawing_torus\x64\debug\drawing_torus.tlog\cl.command.1.tlog
d:\강의자료\2019-2학기\컴퓨터그래픽스\과제\hw01\이준호_hw_1\source\drawing_torus\x64\debug\drawing_torus.tlog\cl.read.1.tlog
d:\강의자료\2019-2학기\컴퓨터그래픽스\과제\hw01\이준호_hw_1\source\drawing_torus\x64\debug\drawing_torus.tlog\cl.write.1.tlog
d:\강의자료\2019-2학기\컴퓨터그래픽스\과제\hw01\이준호_hw_1\source\drawing_torus\x64\debug\drawing_torus.tlog\link.command.1.tlog
d:\강의자료\2019-2학기\컴퓨터그래픽스\과제\hw01\이준호_hw_1\source\drawing_torus\x64\debug\drawing_torus.tlog\link.read.1.tlog
d:\강의자료\2019-2학기\컴퓨터그래픽스\과제\hw01\이준호_hw_1\source\drawing_torus\x64\debug\drawing_torus.tlog\link.write.1.tlog
